<?xml version="1.0" encoding="UTF-8"?>
<!-- Generated by org.testng.reporters.JUnitReportReporter -->
<testsuite skipped="0" hostname="SSG-INDIA-WS21" name="zgenericpackage.SearchAndDownload" tests="1" failures="0" timestamp="20 Sep 2018 06:24:28 GMT" time="19.606" errors="0">
  <testcase name="searchtext" time="19.606" classname="zgenericpackage.SearchAndDownload"/>
</testsuite> <!-- zgenericpackage.SearchAndDownload -->
